<?xml version="1.0" encoding="UTF-8"?>
<!-- Generated by org.testng.reporters.JUnitXMLReporter -->
<testsuite hostname="Harish" ignored="0" name="crossbrowsertest-firefox" tests="1" failures="0" timestamp="01 Mar 2025 07:46:15 GMT" time="0.003" errors="0">
  <testcase name="@BeforeSuite openBrowser" time="0.0" classname="com.rameshsoftautomation.TestngPrograms.CrossBrowserDemo">
    <failure type="org.testng.TestNGException" message="
Parameter &amp;apos;browser&amp;apos; is required by BeforeSuite on method openBrowser but has not been marked @Optional or defined
in D:\RameshSoft2directory\Rameshsoft Revision\JavaWithSeleniumPrograms\testng.xml">
      <![CDATA[org.testng.TestNGException: 
Parameter 'browser' is required by BeforeSuite on method openBrowser but has not been marked @Optional or defined
in D:\RameshSoft2directory\Rameshsoft Revision\JavaWithSeleniumPrograms\testng.xml
... Removed 17 stack frames]]>
    </failure>
  </testcase> <!-- @BeforeSuite openBrowser -->
  <testcase name="script" time="0.0" classname="com.rameshsoftautomation.TestngPrograms.CrossBrowserDemo">
    <skipped/>
  </testcase> <!-- script -->
</testsuite> <!-- crossbrowsertest-firefox -->
